Source.obj : error LNK2019: unresolved external symbol gladLoadGLLoader referenced in function main
Source.obj : error LNK2019: unresolved external symbol __imp__invalid_parameter referenced in function "void * __cdecl std::_Allocate_manually_vector_aligned<struct std::_Default_allocate_traits>(unsigned __int64)" (??$_Allocate_manually_vector_aligned@U_Default_allocate_traits@std@@@std@@YAPEAX_K@Z)
Source.obj : error LNK2019: unresolved external symbol __imp__CrtDbgReport referenced in function "void * __cdecl std::_Allocate_manually_vector_aligned<struct std::_Default_allocate_traits>(unsigned __int64)" (??$_Allocate_manually_vector_aligned@U_Default_allocate_traits@std@@@std@@YAPEAX_K@Z)
Source.obj : error LNK2001: unresolved external symbol glad_glTexParameteri
Source.obj : error LNK2001: unresolved external symbol glad_glTexImage2D
Source.obj : error LNK2001: unresolved external symbol glad_glClear
Source.obj : error LNK2001: unresolved external symbol glad_glViewport
Source.obj : error LNK2001: unresolved external symbol glad_glDrawArrays
Source.obj : error LNK2001: unresolved external symbol glad_glBindTexture
Source.obj : error LNK2001: unresolved external symbol glad_glGenTextures
Source.obj : error LNK2001: unresolved external symbol glad_glActiveTexture
Source.obj : error LNK2001: unresolved external symbol glad_glBindBuffer
Source.obj : error LNK2001: unresolved external symbol glad_glGenBuffers
Source.obj : error LNK2001: unresolved external symbol glad_glBufferData
Source.obj : error LNK2001: unresolved external symbol glad_glAttachShader
Source.obj : error LNK2001: unresolved external symbol glad_glCompileShader
Source.obj : error LNK2001: unresolved external symbol glad_glCreateProgram
Source.obj : error LNK2001: unresolved external symbol glad_glCreateShader
Source.obj : error LNK2001: unresolved external symbol glad_glDeleteShader
Source.obj : error LNK2001: unresolved external symbol glad_glEnableVertexAttribArray
Source.obj : error LNK2001: unresolved external symbol glad_glGetProgramiv
Source.obj : error LNK2001: unresolved external symbol glad_glGetProgramInfoLog
Source.obj : error LNK2001: unresolved external symbol glad_glGetShaderiv
Source.obj : error LNK2001: unresolved external symbol glad_glGetShaderInfoLog
Source.obj : error LNK2001: unresolved external symbol glad_glGetUniformLocation
Source.obj : error LNK2001: unresolved external symbol glad_glLinkProgram
Source.obj : error LNK2001: unresolved external symbol glad_glShaderSource
Source.obj : error LNK2001: unresolved external symbol glad_glUseProgram
Source.obj : error LNK2001: unresolved external symbol glad_glUniform1f
Source.obj : error LNK2001: unresolved external symbol glad_glUniform1i
Source.obj : error LNK2001: unresolved external symbol glad_glVertexAttribPointer
Source.obj : error LNK2001: unresolved external symbol glad_glBindVertexArray
Source.obj : error LNK2001: unresolved external symbol glad_glGenVertexArrays
Source.obj : error LNK2001: unresolved external symbol glad_glBindImageTexture
Source.obj : error LNK2001: unresolved external symbol glad_glMemoryBarrier
Source.obj : error LNK2001: unresolved external symbol glad_glDispatchCompute
msvcprtd.lib(locale0_implib.obj) : error LNK2019: unresolved external symbol __imp__free_dbg referenced in function "public: static void __cdecl std::_Fac_node::operator delete(void *)" (??3_Fac_node@std@@SAXPEAX@Z)
msvcprtd.lib(locale0_implib.obj) : error LNK2019: unresolved external symbol __imp__malloc_dbg referenced in function "public: static void * __cdecl std::_Fac_node::operator new(unsigned __int64)" (??2_Fac_node@std@@SAPEAX_K@Z)
C:\graphics-physics\RayMarcher1\x64\Debug\RayMarcher1.exe : fatal error LNK1120: 38 unresolved externals
